[INFO] Scanning for projects...
[INFO] ------------------------------------------------------------------------
[INFO] Reactor Build Order:
[INFO] 
[INFO] parent
[INFO] services
[INFO] web
[INFO]                                                                         
[INFO] ------------------------------------------------------------------------
[INFO] Building parent 1.0-SNAPSHOT
[INFO] ------------------------------------------------------------------------
[INFO] 
[INFO] --- maven-clean-plugin:2.4.1:clean (default-clean) @ parent ---
[INFO] 
[INFO] --- maven-install-plugin:2.3.1:install (default-install) @ parent ---
[INFO] Installing c:\Users\ilkka\workspace\workspace-tasklist\tasklist\parent\pom.xml to C:\Users\ilkka\.m2\repository\com\iluwatar\tasklist\parent\1.0-SNAPSHOT\parent-1.0-SNAPSHOT.pom
[INFO]                                                                         
[INFO] ------------------------------------------------------------------------
[INFO] Building services 1.0-SNAPSHOT
[INFO] ------------------------------------------------------------------------
[INFO] 
[INFO] --- maven-clean-plugin:2.4.1:clean (default-clean) @ services ---
[INFO] Deleting C:\Users\ilkka\workspace\workspace-tasklist\tasklist\parent\services\target
[INFO] 
[INFO] --- maven-resources-plugin:2.5:resources (default-resources) @ services ---
[debug] execute contextualize
[INFO] Using 'UTF-8' encoding to copy filtered resources.
[INFO] Copying 8 resources
[INFO] 
[INFO] --- maven-compiler-plugin:2.5.1:compile (default-compile) @ services ---
[INFO] Compiling 12 source files to C:\Users\ilkka\workspace\workspace-tasklist\tasklist\parent\services\target\classes
[INFO] 
[INFO] --- maven-resources-plugin:2.5:testResources (default-testResources) @ services ---
[debug] execute contextualize
[INFO] Using 'UTF-8' encoding to copy filtered resources.
[INFO] Copying 2 resources
[INFO] 
[INFO] --- maven-compiler-plugin:2.5.1:testCompile (default-testCompile) @ services ---
[INFO] Compiling 5 source files to C:\Users\ilkka\workspace\workspace-tasklist\tasklist\parent\services\target\test-classes
[INFO] 
[INFO] --- maven-surefire-plugin:2.10:test (default-test) @ services ---
[INFO] Surefire report directory: C:\Users\ilkka\workspace\workspace-tasklist\tasklist\parent\services\target\surefire-reports

-------------------------------------------------------
 T E S T S
-------------------------------------------------------

Results :

Tests run: 0, Failures: 0, Errors: 0, Skipped: 0

[INFO] 
[INFO] --- maven-jar-plugin:2.3.2:jar (default-jar) @ services ---
[INFO] Building jar: C:\Users\ilkka\workspace\workspace-tasklist\tasklist\parent\services\target\services-1.0-SNAPSHOT.jar
[INFO] 
[INFO] --- maven-failsafe-plugin:2.16:integration-test (default) @ services ---
[INFO] Failsafe report directory: C:\Users\ilkka\workspace\workspace-tasklist\tasklist\parent\services\target\failsafe-reports

-------------------------------------------------------
 T E S T S
-------------------------------------------------------
Running com.iluwatar.tasklist.services.entity.LoginIT
Hibernate: select user0_.id as id1_2_, user0_.name as name2_2_, user0_.passwordHash as password3_2_, user0_.salt as salt4_2_, user0_.username as username5_2_ from tasklist.user user0_ where user0_.username=? and user0_.passwordHash=?
Tests run: 1, Failures: 0, Errors: 0, Skipped: 0, Time elapsed: 2.045 sec - in com.iluwatar.tasklist.services.entity.LoginIT
Running com.iluwatar.tasklist.services.entity.TaskServiceIT
Hibernate: select task0_.id as id1_0_, task0_.description as descript2_0_, task0_.done as done3_0_, task0_.donedate as donedate4_0_, task0_.ordernum as ordernum5_0_, task0_.tasklist_id as tasklist6_0_ from tasklist.task task0_ where task0_.tasklist_id=? order by task0_.ordernum asc
Hibernate: select task0_.id as id1_0_, task0_.description as descript2_0_, task0_.done as done3_0_, task0_.donedate as donedate4_0_, task0_.ordernum as ordernum5_0_, task0_.tasklist_id as tasklist6_0_ from tasklist.task task0_ where task0_.tasklist_id=? order by task0_.ordernum desc limit ?
Hibernate: select tasklist0_.id as id1_1_0_, tasklist0_.name as name2_1_0_, tasklist0_.user_id as user_id3_1_0_, user1_.id as id1_2_1_, user1_.name as name2_2_1_, user1_.passwordHash as password3_2_1_, user1_.salt as salt4_2_1_, user1_.username as username5_2_1_ from tasklist.tasklist tasklist0_ inner join tasklist.user user1_ on tasklist0_.user_id=user1_.id where tasklist0_.id=?
Hibernate: insert into tasklist.task (description, done, donedate, ordernum, tasklist_id) values (?, ?, ?, ?, ?)
Hibernate: select task0_.id as id1_0_, task0_.description as descript2_0_, task0_.done as done3_0_, task0_.donedate as donedate4_0_, task0_.ordernum as ordernum5_0_, task0_.tasklist_id as tasklist6_0_ from tasklist.task task0_ where task0_.tasklist_id=? order by task0_.ordernum asc
Hibernate: select task0_.id as id1_0_0_, task0_.description as descript2_0_0_, task0_.done as done3_0_0_, task0_.donedate as donedate4_0_0_, task0_.ordernum as ordernum5_0_0_, task0_.tasklist_id as tasklist6_0_0_, tasklist1_.id as id1_1_1_, tasklist1_.name as name2_1_1_, tasklist1_.user_id as user_id3_1_1_, user2_.id as id1_2_2_, user2_.name as name2_2_2_, user2_.passwordHash as password3_2_2_, user2_.salt as salt4_2_2_, user2_.username as username5_2_2_ from tasklist.task task0_ inner join tasklist.tasklist tasklist1_ on task0_.tasklist_id=tasklist1_.id inner join tasklist.user user2_ on tasklist1_.user_id=user2_.id where task0_.id=?
Hibernate: select tasklist0_.id as id1_1_0_, tasklist0_.name as name2_1_0_, tasklist0_.user_id as user_id3_1_0_, user1_.id as id1_2_1_, user1_.name as name2_2_1_, user1_.passwordHash as password3_2_1_, user1_.salt as salt4_2_1_, user1_.username as username5_2_1_ from tasklist.tasklist tasklist0_ inner join tasklist.user user1_ on tasklist0_.user_id=user1_.id where tasklist0_.id=?
Hibernate: select task0_.id as id1_0_0_, task0_.description as descript2_0_0_, task0_.done as done3_0_0_, task0_.donedate as donedate4_0_0_, task0_.ordernum as ordernum5_0_0_, task0_.tasklist_id as tasklist6_0_0_, tasklist1_.id as id1_1_1_, tasklist1_.name as name2_1_1_, tasklist1_.user_id as user_id3_1_1_, user2_.id as id1_2_2_, user2_.name as name2_2_2_, user2_.passwordHash as password3_2_2_, user2_.salt as salt4_2_2_, user2_.username as username5_2_2_ from tasklist.task task0_ inner join tasklist.tasklist tasklist1_ on task0_.tasklist_id=tasklist1_.id inner join tasklist.user user2_ on tasklist1_.user_id=user2_.id where task0_.id=?
Hibernate: select user0_.id as id1_2_0_, user0_.name as name2_2_0_, user0_.passwordHash as password3_2_0_, user0_.salt as salt4_2_0_, user0_.username as username5_2_0_ from tasklist.user user0_ where user0_.id=?
Hibernate: select tasklist0_.id as id1_1_, tasklist0_.name as name2_1_, tasklist0_.user_id as user_id3_1_ from tasklist.tasklist tasklist0_ where tasklist0_.user_id=?
Hibernate: insert into tasklist.tasklist (name, user_id) values (?, ?)
Hibernate: select tasklist0_.id as id1_1_, tasklist0_.name as name2_1_, tasklist0_.user_id as user_id3_1_ from tasklist.tasklist tasklist0_ where tasklist0_.user_id=?
Hibernate: select task0_.id as id1_0_, task0_.description as descript2_0_, task0_.done as done3_0_, task0_.donedate as donedate4_0_, task0_.ordernum as ordernum5_0_, task0_.tasklist_id as tasklist6_0_ from tasklist.task task0_ where task0_.tasklist_id=? order by task0_.ordernum asc
Hibernate: select tasklist0_.id as id1_1_0_, tasklist0_.name as name2_1_0_, tasklist0_.user_id as user_id3_1_0_, user1_.id as id1_2_1_, user1_.name as name2_2_1_, user1_.passwordHash as password3_2_1_, user1_.salt as salt4_2_1_, user1_.username as username5_2_1_ from tasklist.tasklist tasklist0_ inner join tasklist.user user1_ on tasklist0_.user_id=user1_.id where tasklist0_.id=?
Hibernate: delete from tasklist.task where id=?
Hibernate: select task0_.id as id1_0_, task0_.description as descript2_0_, task0_.done as done3_0_, task0_.donedate as donedate4_0_, task0_.ordernum as ordernum5_0_, task0_.tasklist_id as tasklist6_0_ from tasklist.task task0_ where task0_.tasklist_id=? order by task0_.ordernum asc
Hibernate: select tasklist0_.id as id1_1_0_, tasklist0_.name as name2_1_0_, tasklist0_.user_id as user_id3_1_0_, user1_.id as id1_2_1_, user1_.name as name2_2_1_, user1_.passwordHash as password3_2_1_, user1_.salt as salt4_2_1_, user1_.username as username5_2_1_ from tasklist.tasklist tasklist0_ inner join tasklist.user user1_ on tasklist0_.user_id=user1_.id where tasklist0_.id=?
Hibernate: select tasklist0_.id as id1_1_, tasklist0_.name as name2_1_, tasklist0_.user_id as user_id3_1_ from tasklist.tasklist tasklist0_ where tasklist0_.user_id=?
Hibernate: select user0_.id as id1_2_0_, user0_.name as name2_2_0_, user0_.passwordHash as password3_2_0_, user0_.salt as salt4_2_0_, user0_.username as username5_2_0_ from tasklist.user user0_ where user0_.id=?
Hibernate: select tasks0_.tasklist_id as tasklist6_1_0_, tasks0_.id as id1_0_0_, tasks0_.id as id1_0_1_, tasks0_.description as descript2_0_1_, tasks0_.done as done3_0_1_, tasks0_.donedate as donedate4_0_1_, tasks0_.ordernum as ordernum5_0_1_, tasks0_.tasklist_id as tasklist6_0_1_ from tasklist.task tasks0_ where tasks0_.tasklist_id=?
Hibernate: delete from tasklist.tasklist where id=?
Hibernate: select tasklist0_.id as id1_1_, tasklist0_.name as name2_1_, tasklist0_.user_id as user_id3_1_ from tasklist.tasklist tasklist0_ where tasklist0_.user_id=?
Tests run: 8, Failures: 0, Errors: 0, Skipped: 0, Time elapsed: 0.624 sec - in com.iluwatar.tasklist.services.entity.TaskServiceIT
Running com.iluwatar.tasklist.services.entity.UserServiceIT
Hibernate: select user0_.id as id1_2_, user0_.name as name2_2_, user0_.passwordHash as password3_2_, user0_.salt as salt4_2_, user0_.username as username5_2_ from tasklist.user user0_
Hibernate: insert into tasklist.user (name, passwordHash, salt, username) values (?, ?, ?, ?)
Hibernate: select user0_.id as id1_2_, user0_.name as name2_2_, user0_.passwordHash as password3_2_, user0_.salt as salt4_2_, user0_.username as username5_2_ from tasklist.user user0_
Hibernate: select user0_.id as id1_2_, user0_.name as name2_2_, user0_.passwordHash as password3_2_, user0_.salt as salt4_2_, user0_.username as username5_2_ from tasklist.user user0_
Hibernate: select user0_.id as id1_2_0_, user0_.name as name2_2_0_, user0_.passwordHash as password3_2_0_, user0_.salt as salt4_2_0_, user0_.username as username5_2_0_ from tasklist.user user0_ where user0_.id=?
Hibernate: select user0_.id as id1_2_, user0_.name as name2_2_, user0_.passwordHash as password3_2_, user0_.salt as salt4_2_, user0_.username as username5_2_ from tasklist.user user0_
Hibernate: select tasklists0_.user_id as user_id3_2_0_, tasklists0_.id as id1_1_0_, tasklists0_.id as id1_1_1_, tasklists0_.name as name2_1_1_, tasklists0_.user_id as user_id3_1_1_ from tasklist.tasklist tasklists0_ where tasklists0_.user_id=?
Hibernate: delete from tasklist.user where id=?
Hibernate: select user0_.id as id1_2_, user0_.name as name2_2_, user0_.passwordHash as password3_2_, user0_.salt as salt4_2_, user0_.username as username5_2_ from tasklist.user user0_
Tests run: 4, Failures: 0, Errors: 0, Skipped: 0, Time elapsed: 0.016 sec - in com.iluwatar.tasklist.services.entity.UserServiceIT

Results :

Tests run: 13, Failures: 0, Errors: 0, Skipped: 0

[WARNING] File encoding has not been set, using platform encoding Cp1252, i.e. build is platform dependent!
[INFO] 
[INFO] --- maven-failsafe-plugin:2.16:verify (default) @ services ---
[INFO] Failsafe report directory: C:\Users\ilkka\workspace\workspace-tasklist\tasklist\parent\services\target\failsafe-reports
[WARNING] File encoding has not been set, using platform encoding Cp1252, i.e. build is platform dependent!
[INFO] 
[INFO] --- maven-install-plugin:2.3.1:install (default-install) @ services ---
[INFO] Installing C:\Users\ilkka\workspace\workspace-tasklist\tasklist\parent\services\target\services-1.0-SNAPSHOT.jar to C:\Users\ilkka\.m2\repository\com\iluwatar\tasklist\services\1.0-SNAPSHOT\services-1.0-SNAPSHOT.jar
[INFO] Installing C:\Users\ilkka\workspace\workspace-tasklist\tasklist\parent\services\pom.xml to C:\Users\ilkka\.m2\repository\com\iluwatar\tasklist\services\1.0-SNAPSHOT\services-1.0-SNAPSHOT.pom
[INFO]                                                                         
[INFO] ------------------------------------------------------------------------
[INFO] Building web 1.0-SNAPSHOT
[INFO] ------------------------------------------------------------------------
[INFO] 
[INFO] --- maven-clean-plugin:2.4.1:clean (default-clean) @ web ---
[INFO] Deleting C:\Users\ilkka\workspace\workspace-tasklist\tasklist\parent\web\target
[INFO] 
[INFO] --- maven-resources-plugin:2.5:resources (default-resources) @ web ---
[debug] execute contextualize
[INFO] Using 'UTF-8' encoding to copy filtered resources.
[INFO] Copying 1 resource
[INFO] Copying 13 resources
[INFO] 
[INFO] --- maven-compiler-plugin:2.5.1:compile (default-compile) @ web ---
[INFO] Compiling 26 source files to C:\Users\ilkka\workspace\workspace-tasklist\tasklist\parent\web\target\classes
[INFO] 
[INFO] --- maven-resources-plugin:2.5:testResources (default-testResources) @ web ---
[debug] execute contextualize
[INFO] Using 'UTF-8' encoding to copy filtered resources.
[INFO] Copying 1 resource
[INFO] Copying 0 resource
[INFO] 
[INFO] --- maven-compiler-plugin:2.5.1:testCompile (default-testCompile) @ web ---
[INFO] Compiling 12 source files to C:\Users\ilkka\workspace\workspace-tasklist\tasklist\parent\web\target\test-classes
[INFO] 
[INFO] --- maven-surefire-plugin:2.10:test (default-test) @ web ---
[INFO] Surefire report directory: C:\Users\ilkka\workspace\workspace-tasklist\tasklist\parent\web\target\surefire-reports

-------------------------------------------------------
 T E S T S
-------------------------------------------------------
Running com.iluwatar.tasklist.TestCreateTasklistPage
SLF4J: Class path contains multiple SLF4J bindings.
SLF4J: Found binding in [jar:file:/C:/Users/ilkka/.m2/repository/org/slf4j/slf4j-simple/1.6.4/slf4j-simple-1.6.4.jar!/org/slf4j/impl/StaticLoggerBinder.class]
SLF4J: Found binding in [jar:file:/C:/Users/ilkka/.m2/repository/org/slf4j/slf4j-log4j12/1.6.4/slf4j-log4j12-1.6.4.jar!/org/slf4j/impl/StaticLoggerBinder.class]
SLF4J: See http://www.slf4j.org/codes.html#multiple_bindings for an explanation.
343 [main] INFO org.apache.wicket.Application - [WicketTesterApplication-249754e3-f219-493b-95fc-dc27907589cb] init: Wicket core library initializer
359 [main] INFO org.apache.wicket.RequestListenerInterface - registered listener interface [RequestListenerInterface name=IBehaviorListener, method=public abstract void org.apache.wicket.behavior.IBehaviorListener.onRequest()]
359 [main] INFO org.apache.wicket.RequestListenerInterface - registered listener interface [RequestListenerInterface name=IFormSubmitListener, method=public abstract void org.apache.wicket.markup.html.form.IFormSubmitListener.onFormSubmitted()]
359 [main] INFO org.apache.wicket.RequestListenerInterface - registered listener interface [RequestListenerInterface name=ILinkListener, method=public abstract void org.apache.wicket.markup.html.link.ILinkListener.onLinkClicked()]
359 [main] INFO org.apache.wicket.RequestListenerInterface - registered listener interface [RequestListenerInterface name=IOnChangeListener, method=public abstract void org.apache.wicket.markup.html.form.IOnChangeListener.onSelectionChanged()]
359 [main] INFO org.apache.wicket.RequestListenerInterface - registered listener interface [RequestListenerInterface name=IRedirectListener, method=public abstract void org.apache.wicket.IRedirectListener.onRedirect()]
359 [main] INFO org.apache.wicket.RequestListenerInterface - registered listener interface [RequestListenerInterface name=IResourceListener, method=public abstract void org.apache.wicket.IResourceListener.onResourceRequested()]
359 [main] INFO org.apache.wicket.Application - [WicketTesterApplication-249754e3-f219-493b-95fc-dc27907589cb] init: DevUtils DebugBar Initializer
359 [main] INFO org.apache.wicket.Application - [WicketTesterApplication-249754e3-f219-493b-95fc-dc27907589cb] init: Wicket extensions initializer
374 [main] INFO org.apache.wicket.Application - [WicketTesterApplication-249754e3-f219-493b-95fc-dc27907589cb] init: org.wicketstuff.event.annotation.Initializer@33cb5951
374 [main] INFO com.iluwatar.tasklist.web.TasklistApplication - application init
562 [main] INFO org.reflections.Reflections - Reflections took 16 ms to scan 4 urls, producing 114 keys and 146 values 
577 [main] INFO org.reflections.Reflections - Reflections took 15 ms to scan 4 urls, producing 114 keys and 146 values 
577 [main] INFO org.reflections.Reflections - Reflections took 0 ms to scan 4 urls, producing 114 keys and 146 values 
577 [main] INFO com.iluwatar.tasklist.web.TasklistApplication - available theme: bootstrap
577 [main] INFO com.iluwatar.tasklist.web.TasklistApplication - available theme: bootstrap-responsive
577 [main] INFO com.iluwatar.tasklist.web.TasklistApplication - available theme: amelia
577 [main] INFO com.iluwatar.tasklist.web.TasklistApplication - available theme: cerulean
577 [main] INFO com.iluwatar.tasklist.web.TasklistApplication - available theme: cyborg
577 [main] INFO com.iluwatar.tasklist.web.TasklistApplication - available theme: journal
577 [main] INFO com.iluwatar.tasklist.web.TasklistApplication - available theme: readable
577 [main] INFO com.iluwatar.tasklist.web.TasklistApplication - available theme: simplex
577 [main] INFO com.iluwatar.tasklist.web.TasklistApplication - available theme: slate
577 [main] INFO com.iluwatar.tasklist.web.TasklistApplication - available theme: spacelab
577 [main] INFO com.iluwatar.tasklist.web.TasklistApplication - available theme: spruce
577 [main] INFO com.iluwatar.tasklist.web.TasklistApplication - available theme: superhero
577 [main] INFO com.iluwatar.tasklist.web.TasklistApplication - available theme: united
577 [main] INFO com.iluwatar.tasklist.web.TasklistApplication - available theme: cosmo
593 [main] INFO com.iluwatar.tasklist.web.TasklistApplication - available theme: metro
593 [main] INFO com.iluwatar.tasklist.web.TasklistApplication - application init complete
749 [main] WARN org.apache.wicket.Localizer - Tried to retrieve a localized string for a component that has not yet been added to the page. This can sometimes lead to an invalid or no localized resource returned. Make sure you are not calling Component#getString() inside your Component's constructor. Offending component: [LoginForm [Component id = loginForm]]
889 [main] INFO org.apache.wicket.resource.PropertiesFactory - Loading properties files from file:/C:/Users/ilkka/workspace/workspace-tasklist/tasklist/parent/web/target/classes/com/iluwatar/tasklist/web/TasklistApplication.properties.xml with loader org.apache.wicket.resource.XmlFilePropertiesLoader@48aca48b
1014 [main] WARN org.apache.wicket.Localizer - Tried to retrieve a localized string for a component that has not yet been added to the page. This can sometimes lead to an invalid or no localized resource returned. Make sure you are not calling Component#getString() inside your Component's constructor. Offending component: [LoginForm [Component id = loginForm]]
1030 [main] WARN org.apache.wicket.Localizer - Tried to retrieve a localized string for a component that has not yet been added to the page. This can sometimes lead to an invalid or no localized resource returned. Make sure you are not calling Component#getString() inside your Component's constructor. Offending component: [LoginForm [Component id = loginForm]]
1030 [main] WARN org.apache.wicket.Localizer - Tried to retrieve a localized string for a component that has not yet been added to the page. This can sometimes lead to an invalid or no localized resource returned. Make sure you are not calling Component#getString() inside your Component's constructor. Offending component: [LoginForm [Component id = loginForm]]
1201 [main] INFO org.apache.wicket.resource.PropertiesFactory - Loading properties files from jar:file:/C:/Users/ilkka/.m2/repository/org/apache/wicket/wicket-core/6.12.0/wicket-core-6.12.0.jar!/org/apache/wicket/Application.properties with loader org.apache.wicket.resource.IsoPropertiesFilePropertiesLoader@2a3888c1
1607 [main] INFO org.apache.wicket.Application - [WicketTesterApplication-b9328561-8ba3-4249-9cb0-efd76461064e] init: Wicket core library initializer
1607 [main] INFO org.apache.wicket.Application - [WicketTesterApplication-b9328561-8ba3-4249-9cb0-efd76461064e] init: DevUtils DebugBar Initializer
1607 [main] INFO org.apache.wicket.Application - [WicketTesterApplication-b9328561-8ba3-4249-9cb0-efd76461064e] init: Wicket extensions initializer
1607 [main] INFO org.apache.wicket.Application - [WicketTesterApplication-b9328561-8ba3-4249-9cb0-efd76461064e] init: org.wicketstuff.event.annotation.Initializer@2a79d4b1
1607 [main] INFO com.iluwatar.tasklist.web.TasklistApplication - application init
1607 [main] INFO com.iluwatar.tasklist.web.TasklistApplication - available theme: bootstrap
1607 [main] INFO com.iluwatar.tasklist.web.TasklistApplication - available theme: bootstrap-responsive
1607 [main] INFO com.iluwatar.tasklist.web.TasklistApplication - available theme: amelia
1607 [main] INFO com.iluwatar.tasklist.web.TasklistApplication - available theme: cerulean
1607 [main] INFO com.iluwatar.tasklist.web.TasklistApplication - available theme: cyborg
1607 [main] INFO com.iluwatar.tasklist.web.TasklistApplication - available theme: journal
1607 [main] INFO com.iluwatar.tasklist.web.TasklistApplication - available theme: readable
1607 [main] INFO com.iluwatar.tasklist.web.TasklistApplication - available theme: simplex
1607 [main] INFO com.iluwatar.tasklist.web.TasklistApplication - available theme: slate
1607 [main] INFO com.iluwatar.tasklist.web.TasklistApplication - available theme: spacelab
1607 [main] INFO com.iluwatar.tasklist.web.TasklistApplication - available theme: spruce
1607 [main] INFO com.iluwatar.tasklist.web.TasklistApplication - available theme: superhero
1607 [main] INFO com.iluwatar.tasklist.web.TasklistApplication - available theme: united
1607 [main] INFO com.iluwatar.tasklist.web.TasklistApplication - available theme: cosmo
1607 [main] INFO com.iluwatar.tasklist.web.TasklistApplication - available theme: metro
1607 [main] INFO com.iluwatar.tasklist.web.TasklistApplication - application init complete
1716 [main] INFO org.apache.wicket.resource.PropertiesFactory - Loading properties files from file:/C:/Users/ilkka/workspace/workspace-tasklist/tasklist/parent/web/target/classes/com/iluwatar/tasklist/web/TasklistApplication.properties.xml with loader org.apache.wicket.resource.XmlFilePropertiesLoader@1755e85b
1810 [main] INFO org.apache.wicket.resource.PropertiesFactory - Loading properties files from jar:file:/C:/Users/ilkka/.m2/repository/org/apache/wicket/wicket-core/6.12.0/wicket-core-6.12.0.jar!/org/apache/wicket/Application.properties with loader org.apache.wicket.resource.IsoPropertiesFilePropertiesLoader@2a2c13a8
Tests run: 2, Failures: 0, Errors: 0, Skipped: 0, Time elapsed: 2.293 sec
Running com.iluwatar.tasklist.TestCreateTaskPage
2168 [main] INFO org.apache.wicket.Application - [WicketTesterApplication-2fca83fd-abea-4c47-8b2e-71263de13c5d] init: Wicket core library initializer
2168 [main] INFO org.apache.wicket.Application - [WicketTesterApplication-2fca83fd-abea-4c47-8b2e-71263de13c5d] init: DevUtils DebugBar Initializer
2168 [main] INFO org.apache.wicket.Application - [WicketTesterApplication-2fca83fd-abea-4c47-8b2e-71263de13c5d] init: Wicket extensions initializer
2168 [main] INFO org.apache.wicket.Application - [WicketTesterApplication-2fca83fd-abea-4c47-8b2e-71263de13c5d] init: org.wicketstuff.event.annotation.Initializer@267f474e
2168 [main] INFO com.iluwatar.tasklist.web.TasklistApplication - application init
2168 [main] INFO com.iluwatar.tasklist.web.TasklistApplication - available theme: bootstrap
2168 [main] INFO com.iluwatar.tasklist.web.TasklistApplication - available theme: bootstrap-responsive
2168 [main] INFO com.iluwatar.tasklist.web.TasklistApplication - available theme: amelia
2168 [main] INFO com.iluwatar.tasklist.web.TasklistApplication - available theme: cerulean
2168 [main] INFO com.iluwatar.tasklist.web.TasklistApplication - available theme: cyborg
2168 [main] INFO com.iluwatar.tasklist.web.TasklistApplication - available theme: journal
2168 [main] INFO com.iluwatar.tasklist.web.TasklistApplication - available theme: readable
2168 [main] INFO com.iluwatar.tasklist.web.TasklistApplication - available theme: simplex
2168 [main] INFO com.iluwatar.tasklist.web.TasklistApplication - available theme: slate
2168 [main] INFO com.iluwatar.tasklist.web.TasklistApplication - available theme: spacelab
2168 [main] INFO com.iluwatar.tasklist.web.TasklistApplication - available theme: spruce
2168 [main] INFO com.iluwatar.tasklist.web.TasklistApplication - available theme: superhero
2168 [main] INFO com.iluwatar.tasklist.web.TasklistApplication - available theme: united
2168 [main] INFO com.iluwatar.tasklist.web.TasklistApplication - available theme: cosmo
2168 [main] INFO com.iluwatar.tasklist.web.TasklistApplication - available theme: metro
2168 [main] INFO com.iluwatar.tasklist.web.TasklistApplication - application init complete
2278 [main] INFO org.apache.wicket.resource.PropertiesFactory - Loading properties files from file:/C:/Users/ilkka/workspace/workspace-tasklist/tasklist/parent/web/target/classes/com/iluwatar/tasklist/web/TasklistApplication.properties.xml with loader org.apache.wicket.resource.XmlFilePropertiesLoader@741b3bc3
2356 [main] INFO org.apache.wicket.resource.PropertiesFactory - Loading properties files from jar:file:/C:/Users/ilkka/.m2/repository/org/apache/wicket/wicket-core/6.12.0/wicket-core-6.12.0.jar!/org/apache/wicket/Application.properties with loader org.apache.wicket.resource.IsoPropertiesFilePropertiesLoader@4204541c
2590 [main] INFO org.apache.wicket.Application - [WicketTesterApplication-32fefe49-0b18-46a3-b313-2966d745dc4b] init: Wicket core library initializer
2590 [main] INFO org.apache.wicket.Application - [WicketTesterApplication-32fefe49-0b18-46a3-b313-2966d745dc4b] init: DevUtils DebugBar Initializer
2590 [main] INFO org.apache.wicket.Application - [WicketTesterApplication-32fefe49-0b18-46a3-b313-2966d745dc4b] init: Wicket extensions initializer
2590 [main] INFO org.apache.wicket.Application - [WicketTesterApplication-32fefe49-0b18-46a3-b313-2966d745dc4b] init: org.wicketstuff.event.annotation.Initializer@4a9419d7
2590 [main] INFO com.iluwatar.tasklist.web.TasklistApplication - application init
2590 [main] INFO com.iluwatar.tasklist.web.TasklistApplication - available theme: bootstrap
2590 [main] INFO com.iluwatar.tasklist.web.TasklistApplication - available theme: bootstrap-responsive
2590 [main] INFO com.iluwatar.tasklist.web.TasklistApplication - available theme: amelia
2590 [main] INFO com.iluwatar.tasklist.web.TasklistApplication - available theme: cerulean
2590 [main] INFO com.iluwatar.tasklist.web.TasklistApplication - available theme: cyborg
2590 [main] INFO com.iluwatar.tasklist.web.TasklistApplication - available theme: journal
2590 [main] INFO com.iluwatar.tasklist.web.TasklistApplication - available theme: readable
2590 [main] INFO com.iluwatar.tasklist.web.TasklistApplication - available theme: simplex
2590 [main] INFO com.iluwatar.tasklist.web.TasklistApplication - available theme: slate
2590 [main] INFO com.iluwatar.tasklist.web.TasklistApplication - available theme: spacelab
2590 [main] INFO com.iluwatar.tasklist.web.TasklistApplication - available theme: spruce
2590 [main] INFO com.iluwatar.tasklist.web.TasklistApplication - available theme: superhero
2590 [main] INFO com.iluwatar.tasklist.web.TasklistApplication - available theme: united
2590 [main] INFO com.iluwatar.tasklist.web.TasklistApplication - available theme: cosmo
2590 [main] INFO com.iluwatar.tasklist.web.TasklistApplication - available theme: metro
2590 [main] INFO com.iluwatar.tasklist.web.TasklistApplication - application init complete
2590 [main] WARN org.apache.wicket.Localizer - Tried to retrieve a localized string for a component that has not yet been added to the page. This can sometimes lead to an invalid or no localized resource returned. Make sure you are not calling Component#getString() inside your Component's constructor. Offending component: [LoginForm [Component id = loginForm]]
2699 [main] INFO org.apache.wicket.resource.PropertiesFactory - Loading properties files from file:/C:/Users/ilkka/workspace/workspace-tasklist/tasklist/parent/web/target/classes/com/iluwatar/tasklist/web/TasklistApplication.properties.xml with loader org.apache.wicket.resource.XmlFilePropertiesLoader@2f3c6ac4
2699 [main] WARN org.apache.wicket.Localizer - Tried to retrieve a localized string for a component that has not yet been added to the page. This can sometimes lead to an invalid or no localized resource returned. Make sure you are not calling Component#getString() inside your Component's constructor. Offending component: [LoginForm [Component id = loginForm]]
2699 [main] WARN org.apache.wicket.Localizer - Tried to retrieve a localized string for a component that has not yet been added to the page. This can sometimes lead to an invalid or no localized resource returned. Make sure you are not calling Component#getString() inside your Component's constructor. Offending component: [LoginForm [Component id = loginForm]]
2699 [main] WARN org.apache.wicket.Localizer - Tried to retrieve a localized string for a component that has not yet been added to the page. This can sometimes lead to an invalid or no localized resource returned. Make sure you are not calling Component#getString() inside your Component's constructor. Offending component: [LoginForm [Component id = loginForm]]
2777 [main] INFO org.apache.wicket.resource.PropertiesFactory - Loading properties files from jar:file:/C:/Users/ilkka/.m2/repository/org/apache/wicket/wicket-core/6.12.0/wicket-core-6.12.0.jar!/org/apache/wicket/Application.properties with loader org.apache.wicket.resource.IsoPropertiesFilePropertiesLoader@6b9267b
Tests run: 2, Failures: 0, Errors: 0, Skipped: 0, Time elapsed: 0.858 sec
Running com.iluwatar.tasklist.TestDashboardPage
3026 [main] INFO org.apache.wicket.Application - [WicketTesterApplication-fac18857-dcff-443b-abd0-80ba76deb971] init: Wicket core library initializer
3026 [main] INFO org.apache.wicket.Application - [WicketTesterApplication-fac18857-dcff-443b-abd0-80ba76deb971] init: DevUtils DebugBar Initializer
3026 [main] INFO org.apache.wicket.Application - [WicketTesterApplication-fac18857-dcff-443b-abd0-80ba76deb971] init: Wicket extensions initializer
3026 [main] INFO org.apache.wicket.Application - [WicketTesterApplication-fac18857-dcff-443b-abd0-80ba76deb971] init: org.wicketstuff.event.annotation.Initializer@678040b3
3026 [main] INFO com.iluwatar.tasklist.web.TasklistApplication - application init
3026 [main] INFO com.iluwatar.tasklist.web.TasklistApplication - available theme: bootstrap
3026 [main] INFO com.iluwatar.tasklist.web.TasklistApplication - available theme: bootstrap-responsive
3026 [main] INFO com.iluwatar.tasklist.web.TasklistApplication - available theme: amelia
3026 [main] INFO com.iluwatar.tasklist.web.TasklistApplication - available theme: cerulean
3026 [main] INFO com.iluwatar.tasklist.web.TasklistApplication - available theme: cyborg
3026 [main] INFO com.iluwatar.tasklist.web.TasklistApplication - available theme: journal
3026 [main] INFO com.iluwatar.tasklist.web.TasklistApplication - available theme: readable
3026 [main] INFO com.iluwatar.tasklist.web.TasklistApplication - available theme: simplex
3026 [main] INFO com.iluwatar.tasklist.web.TasklistApplication - available theme: slate
3026 [main] INFO com.iluwatar.tasklist.web.TasklistApplication - available theme: spacelab
3026 [main] INFO com.iluwatar.tasklist.web.TasklistApplication - available theme: spruce
3026 [main] INFO com.iluwatar.tasklist.web.TasklistApplication - available theme: superhero
3026 [main] INFO com.iluwatar.tasklist.web.TasklistApplication - available theme: united
3026 [main] INFO com.iluwatar.tasklist.web.TasklistApplication - available theme: cosmo
3026 [main] INFO com.iluwatar.tasklist.web.TasklistApplication - available theme: metro
3042 [main] INFO com.iluwatar.tasklist.web.TasklistApplication - application init complete
3042 [main] WARN org.apache.wicket.Localizer - Tried to retrieve a localized string for a component that has not yet been added to the page. This can sometimes lead to an invalid or no localized resource returned. Make sure you are not calling Component#getString() inside your Component's constructor. Offending component: [LoginForm [Component id = loginForm]]
3169 [main] INFO org.apache.wicket.resource.PropertiesFactory - Loading properties files from file:/C:/Users/ilkka/workspace/workspace-tasklist/tasklist/parent/web/target/classes/com/iluwatar/tasklist/web/TasklistApplication.properties.xml with loader org.apache.wicket.resource.XmlFilePropertiesLoader@17f460bb
3169 [main] WARN org.apache.wicket.Localizer - Tried to retrieve a localized string for a component that has not yet been added to the page. This can sometimes lead to an invalid or no localized resource returned. Make sure you are not calling Component#getString() inside your Component's constructor. Offending component: [LoginForm [Component id = loginForm]]
3169 [main] WARN org.apache.wicket.Localizer - Tried to retrieve a localized string for a component that has not yet been added to the page. This can sometimes lead to an invalid or no localized resource returned. Make sure you are not calling Component#getString() inside your Component's constructor. Offending component: [LoginForm [Component id = loginForm]]
3169 [main] WARN org.apache.wicket.Localizer - Tried to retrieve a localized string for a component that has not yet been added to the page. This can sometimes lead to an invalid or no localized resource returned. Make sure you are not calling Component#getString() inside your Component's constructor. Offending component: [LoginForm [Component id = loginForm]]
3262 [main] INFO org.apache.wicket.resource.PropertiesFactory - Loading properties files from jar:file:/C:/Users/ilkka/.m2/repository/org/apache/wicket/wicket-core/6.12.0/wicket-core-6.12.0.jar!/org/apache/wicket/Application.properties with loader org.apache.wicket.resource.IsoPropertiesFilePropertiesLoader@5eefa415
3496 [main] INFO org.apache.wicket.Application - [WicketTesterApplication-07641c3f-0c14-44bf-8f19-ab7c8068fb32] init: Wicket core library initializer
3496 [main] INFO org.apache.wicket.Application - [WicketTesterApplication-07641c3f-0c14-44bf-8f19-ab7c8068fb32] init: DevUtils DebugBar Initializer
3496 [main] INFO org.apache.wicket.Application - [WicketTesterApplication-07641c3f-0c14-44bf-8f19-ab7c8068fb32] init: Wicket extensions initializer
3496 [main] INFO org.apache.wicket.Application - [WicketTesterApplication-07641c3f-0c14-44bf-8f19-ab7c8068fb32] init: org.wicketstuff.event.annotation.Initializer@6999cd39
3496 [main] INFO com.iluwatar.tasklist.web.TasklistApplication - application init
3496 [main] INFO com.iluwatar.tasklist.web.TasklistApplication - available theme: bootstrap
3496 [main] INFO com.iluwatar.tasklist.web.TasklistApplication - available theme: bootstrap-responsive
3496 [main] INFO com.iluwatar.tasklist.web.TasklistApplication - available theme: amelia
3496 [main] INFO com.iluwatar.tasklist.web.TasklistApplication - available theme: cerulean
3496 [main] INFO com.iluwatar.tasklist.web.TasklistApplication - available theme: cyborg
3496 [main] INFO com.iluwatar.tasklist.web.TasklistApplication - available theme: journal
3496 [main] INFO com.iluwatar.tasklist.web.TasklistApplication - available theme: readable
3496 [main] INFO com.iluwatar.tasklist.web.TasklistApplication - available theme: simplex
3496 [main] INFO com.iluwatar.tasklist.web.TasklistApplication - available theme: slate
3496 [main] INFO com.iluwatar.tasklist.web.TasklistApplication - available theme: spacelab
3496 [main] INFO com.iluwatar.tasklist.web.TasklistApplication - available theme: spruce
3496 [main] INFO com.iluwatar.tasklist.web.TasklistApplication - available theme: superhero
3496 [main] INFO com.iluwatar.tasklist.web.TasklistApplication - available theme: united
3496 [main] INFO com.iluwatar.tasklist.web.TasklistApplication - available theme: cosmo
3496 [main] INFO com.iluwatar.tasklist.web.TasklistApplication - available theme: metro
3496 [main] INFO com.iluwatar.tasklist.web.TasklistApplication - application init complete
3590 [main] INFO org.apache.wicket.resource.PropertiesFactory - Loading properties files from file:/C:/Users/ilkka/workspace/workspace-tasklist/tasklist/parent/web/target/classes/com/iluwatar/tasklist/web/TasklistApplication.properties.xml with loader org.apache.wicket.resource.XmlFilePropertiesLoader@14bae047
3668 [main] INFO org.apache.wicket.resource.PropertiesFactory - Loading properties files from jar:file:/C:/Users/ilkka/.m2/repository/org/apache/wicket/wicket-core/6.12.0/wicket-core-6.12.0.jar!/org/apache/wicket/Application.properties with loader org.apache.wicket.resource.IsoPropertiesFilePropertiesLoader@6f012914
Tests run: 2, Failures: 0, Errors: 0, Skipped: 0, Time elapsed: 0.845 sec
Running com.iluwatar.tasklist.TestEditTasklistPage
3871 [main] INFO org.apache.wicket.Application - [WicketTesterApplication-b0eac5fe-42e8-4447-aa7f-81993bb2aa71] init: Wicket core library initializer
3871 [main] INFO org.apache.wicket.Application - [WicketTesterApplication-b0eac5fe-42e8-4447-aa7f-81993bb2aa71] init: DevUtils DebugBar Initializer
3871 [main] INFO org.apache.wicket.Application - [WicketTesterApplication-b0eac5fe-42e8-4447-aa7f-81993bb2aa71] init: Wicket extensions initializer
3871 [main] INFO org.apache.wicket.Application - [WicketTesterApplication-b0eac5fe-42e8-4447-aa7f-81993bb2aa71] init: org.wicketstuff.event.annotation.Initializer@4a55a6e8
3871 [main] INFO com.iluwatar.tasklist.web.TasklistApplication - application init
3871 [main] INFO com.iluwatar.tasklist.web.TasklistApplication - available theme: bootstrap
3871 [main] INFO com.iluwatar.tasklist.web.TasklistApplication - available theme: bootstrap-responsive
3871 [main] INFO com.iluwatar.tasklist.web.TasklistApplication - available theme: amelia
3871 [main] INFO com.iluwatar.tasklist.web.TasklistApplication - available theme: cerulean
3871 [main] INFO com.iluwatar.tasklist.web.TasklistApplication - available theme: cyborg
3871 [main] INFO com.iluwatar.tasklist.web.TasklistApplication - available theme: journal
3871 [main] INFO com.iluwatar.tasklist.web.TasklistApplication - available theme: readable
3871 [main] INFO com.iluwatar.tasklist.web.TasklistApplication - available theme: simplex
3871 [main] INFO com.iluwatar.tasklist.web.TasklistApplication - available theme: slate
3871 [main] INFO com.iluwatar.tasklist.web.TasklistApplication - available theme: spacelab
3871 [main] INFO com.iluwatar.tasklist.web.TasklistApplication - available theme: spruce
3871 [main] INFO com.iluwatar.tasklist.web.TasklistApplication - available theme: superhero
3871 [main] INFO com.iluwatar.tasklist.web.TasklistApplication - available theme: united
3871 [main] INFO com.iluwatar.tasklist.web.TasklistApplication - available theme: cosmo
3871 [main] INFO com.iluwatar.tasklist.web.TasklistApplication - available theme: metro
3871 [main] INFO com.iluwatar.tasklist.web.TasklistApplication - application init complete
3964 [main] INFO org.apache.wicket.resource.PropertiesFactory - Loading properties files from file:/C:/Users/ilkka/workspace/workspace-tasklist/tasklist/parent/web/target/classes/com/iluwatar/tasklist/web/TasklistApplication.properties.xml with loader org.apache.wicket.resource.XmlFilePropertiesLoader@682bd3c4
4042 [main] INFO org.apache.wicket.resource.PropertiesFactory - Loading properties files from jar:file:/C:/Users/ilkka/.m2/repository/org/apache/wicket/wicket-core/6.12.0/wicket-core-6.12.0.jar!/org/apache/wicket/Application.properties with loader org.apache.wicket.resource.IsoPropertiesFilePropertiesLoader@1bfe3203
4261 [main] INFO org.apache.wicket.Application - [WicketTesterApplication-a09c7785-61ee-4742-9783-44df241b4389] init: Wicket core library initializer
4261 [main] INFO org.apache.wicket.Application - [WicketTesterApplication-a09c7785-61ee-4742-9783-44df241b4389] init: DevUtils DebugBar Initializer
4261 [main] INFO org.apache.wicket.Application - [WicketTesterApplication-a09c7785-61ee-4742-9783-44df241b4389] init: Wicket extensions initializer
4261 [main] INFO org.apache.wicket.Application - [WicketTesterApplication-a09c7785-61ee-4742-9783-44df241b4389] init: org.wicketstuff.event.annotation.Initializer@e04ccf8
4261 [main] INFO com.iluwatar.tasklist.web.TasklistApplication - application init
4261 [main] INFO com.iluwatar.tasklist.web.TasklistApplication - available theme: bootstrap
4261 [main] INFO com.iluwatar.tasklist.web.TasklistApplication - available theme: bootstrap-responsive
4261 [main] INFO com.iluwatar.tasklist.web.TasklistApplication - available theme: amelia
4261 [main] INFO com.iluwatar.tasklist.web.TasklistApplication - available theme: cerulean
4261 [main] INFO com.iluwatar.tasklist.web.TasklistApplication - available theme: cyborg
4261 [main] INFO com.iluwatar.tasklist.web.TasklistApplication - available theme: journal
4261 [main] INFO com.iluwatar.tasklist.web.TasklistApplication - available theme: readable
4261 [main] INFO com.iluwatar.tasklist.web.TasklistApplication - available theme: simplex
4261 [main] INFO com.iluwatar.tasklist.web.TasklistApplication - available theme: slate
4261 [main] INFO com.iluwatar.tasklist.web.TasklistApplication - available theme: spacelab
4261 [main] INFO com.iluwatar.tasklist.web.TasklistApplication - available theme: spruce
4261 [main] INFO com.iluwatar.tasklist.web.TasklistApplication - available theme: superhero
4261 [main] INFO com.iluwatar.tasklist.web.TasklistApplication - available theme: united
4261 [main] INFO com.iluwatar.tasklist.web.TasklistApplication - available theme: cosmo
4261 [main] INFO com.iluwatar.tasklist.web.TasklistApplication - available theme: metro
4261 [main] INFO com.iluwatar.tasklist.web.TasklistApplication - application init complete
4261 [main] WARN org.apache.wicket.Localizer - Tried to retrieve a localized string for a component that has not yet been added to the page. This can sometimes lead to an invalid or no localized resource returned. Make sure you are not calling Component#getString() inside your Component's constructor. Offending component: [LoginForm [Component id = loginForm]]
4370 [main] INFO org.apache.wicket.resource.PropertiesFactory - Loading properties files from file:/C:/Users/ilkka/workspace/workspace-tasklist/tasklist/parent/web/target/classes/com/iluwatar/tasklist/web/TasklistApplication.properties.xml with loader org.apache.wicket.resource.XmlFilePropertiesLoader@51d143a1
4370 [main] WARN org.apache.wicket.Localizer - Tried to retrieve a localized string for a component that has not yet been added to the page. This can sometimes lead to an invalid or no localized resource returned. Make sure you are not calling Component#getString() inside your Component's constructor. Offending component: [LoginForm [Component id = loginForm]]
4370 [main] WARN org.apache.wicket.Localizer - Tried to retrieve a localized string for a component that has not yet been added to the page. This can sometimes lead to an invalid or no localized resource returned. Make sure you are not calling Component#getString() inside your Component's constructor. Offending component: [LoginForm [Component id = loginForm]]
4370 [main] WARN org.apache.wicket.Localizer - Tried to retrieve a localized string for a component that has not yet been added to the page. This can sometimes lead to an invalid or no localized resource returned. Make sure you are not calling Component#getString() inside your Component's constructor. Offending component: [LoginForm [Component id = loginForm]]
4448 [main] INFO org.apache.wicket.resource.PropertiesFactory - Loading properties files from jar:file:/C:/Users/ilkka/.m2/repository/org/apache/wicket/wicket-core/6.12.0/wicket-core-6.12.0.jar!/org/apache/wicket/Application.properties with loader org.apache.wicket.resource.IsoPropertiesFilePropertiesLoader@5c82cd4f
Tests run: 2, Failures: 0, Errors: 0, Skipped: 0, Time elapsed: 0.782 sec
Running com.iluwatar.tasklist.TestLoginPage
4668 [main] INFO org.apache.wicket.Application - [WicketTesterApplication-c7fc1e86-8072-47d0-acc1-fcee5ecb945f] init: Wicket core library initializer
4668 [main] INFO org.apache.wicket.Application - [WicketTesterApplication-c7fc1e86-8072-47d0-acc1-fcee5ecb945f] init: DevUtils DebugBar Initializer
4668 [main] INFO org.apache.wicket.Application - [WicketTesterApplication-c7fc1e86-8072-47d0-acc1-fcee5ecb945f] init: Wicket extensions initializer
4668 [main] INFO org.apache.wicket.Application - [WicketTesterApplication-c7fc1e86-8072-47d0-acc1-fcee5ecb945f] init: org.wicketstuff.event.annotation.Initializer@47b179d7
4668 [main] INFO com.iluwatar.tasklist.web.TasklistApplication - application init
4668 [main] INFO com.iluwatar.tasklist.web.TasklistApplication - available theme: bootstrap
4668 [main] INFO com.iluwatar.tasklist.web.TasklistApplication - available theme: bootstrap-responsive
4668 [main] INFO com.iluwatar.tasklist.web.TasklistApplication - available theme: amelia
4668 [main] INFO com.iluwatar.tasklist.web.TasklistApplication - available theme: cerulean
4668 [main] INFO com.iluwatar.tasklist.web.TasklistApplication - available theme: cyborg
4668 [main] INFO com.iluwatar.tasklist.web.TasklistApplication - available theme: journal
4668 [main] INFO com.iluwatar.tasklist.web.TasklistApplication - available theme: readable
4668 [main] INFO com.iluwatar.tasklist.web.TasklistApplication - available theme: simplex
4668 [main] INFO com.iluwatar.tasklist.web.TasklistApplication - available theme: slate
4668 [main] INFO com.iluwatar.tasklist.web.TasklistApplication - available theme: spacelab
4668 [main] INFO com.iluwatar.tasklist.web.TasklistApplication - available theme: spruce
4668 [main] INFO com.iluwatar.tasklist.web.TasklistApplication - available theme: superhero
4668 [main] INFO com.iluwatar.tasklist.web.TasklistApplication - available theme: united
4668 [main] INFO com.iluwatar.tasklist.web.TasklistApplication - available theme: cosmo
4668 [main] INFO com.iluwatar.tasklist.web.TasklistApplication - available theme: metro
4668 [main] INFO com.iluwatar.tasklist.web.TasklistApplication - application init complete
4668 [main] WARN org.apache.wicket.Localizer - Tried to retrieve a localized string for a component that has not yet been added to the page. This can sometimes lead to an invalid or no localized resource returned. Make sure you are not calling Component#getString() inside your Component's constructor. Offending component: [LoginForm [Component id = loginForm]]
4778 [main] INFO org.apache.wicket.resource.PropertiesFactory - Loading properties files from file:/C:/Users/ilkka/workspace/workspace-tasklist/tasklist/parent/web/target/classes/com/iluwatar/tasklist/web/TasklistApplication.properties.xml with loader org.apache.wicket.resource.XmlFilePropertiesLoader@39008c9f
4793 [main] WARN org.apache.wicket.Localizer - Tried to retrieve a localized string for a component that has not yet been added to the page. This can sometimes lead to an invalid or no localized resource returned. Make sure you are not calling Component#getString() inside your Component's constructor. Offending component: [LoginForm [Component id = loginForm]]
4887 [main] INFO org.apache.wicket.resource.PropertiesFactory - Loading properties files from jar:file:/C:/Users/ilkka/.m2/repository/org/apache/wicket/wicket-core/6.12.0/wicket-core-6.12.0.jar!/org/apache/wicket/Application.properties with loader org.apache.wicket.resource.IsoPropertiesFilePropertiesLoader@1aac188d
Tests run: 1, Failures: 0, Errors: 0, Skipped: 0, Time elapsed: 0.484 sec
Running com.iluwatar.tasklist.TestProfilePage
5152 [main] INFO org.apache.wicket.Application - [WicketTesterApplication-e5ee0114-77e0-4988-b94d-2e2be9c53265] init: Wicket core library initializer
5152 [main] INFO org.apache.wicket.Application - [WicketTesterApplication-e5ee0114-77e0-4988-b94d-2e2be9c53265] init: DevUtils DebugBar Initializer
5152 [main] INFO org.apache.wicket.Application - [WicketTesterApplication-e5ee0114-77e0-4988-b94d-2e2be9c53265] init: Wicket extensions initializer
5152 [main] INFO org.apache.wicket.Application - [WicketTesterApplication-e5ee0114-77e0-4988-b94d-2e2be9c53265] init: org.wicketstuff.event.annotation.Initializer@4c2fb9dd
5152 [main] INFO com.iluwatar.tasklist.web.TasklistApplication - application init
5152 [main] INFO com.iluwatar.tasklist.web.TasklistApplication - available theme: bootstrap
5152 [main] INFO com.iluwatar.tasklist.web.TasklistApplication - available theme: bootstrap-responsive
5152 [main] INFO com.iluwatar.tasklist.web.TasklistApplication - available theme: amelia
5152 [main] INFO com.iluwatar.tasklist.web.TasklistApplication - available theme: cerulean
5152 [main] INFO com.iluwatar.tasklist.web.TasklistApplication - available theme: cyborg
5152 [main] INFO com.iluwatar.tasklist.web.TasklistApplication - available theme: journal
5152 [main] INFO com.iluwatar.tasklist.web.TasklistApplication - available theme: readable
5152 [main] INFO com.iluwatar.tasklist.web.TasklistApplication - available theme: simplex
5152 [main] INFO com.iluwatar.tasklist.web.TasklistApplication - available theme: slate
5152 [main] INFO com.iluwatar.tasklist.web.TasklistApplication - available theme: spacelab
5152 [main] INFO com.iluwatar.tasklist.web.TasklistApplication - available theme: spruce
5152 [main] INFO com.iluwatar.tasklist.web.TasklistApplication - available theme: superhero
5152 [main] INFO com.iluwatar.tasklist.web.TasklistApplication - available theme: united
5152 [main] INFO com.iluwatar.tasklist.web.TasklistApplication - available theme: cosmo
5152 [main] INFO com.iluwatar.tasklist.web.TasklistApplication - available theme: metro
5152 [main] INFO com.iluwatar.tasklist.web.TasklistApplication - application init complete
5152 [main] WARN org.apache.wicket.Localizer - Tried to retrieve a localized string for a component that has not yet been added to the page. This can sometimes lead to an invalid or no localized resource returned. Make sure you are not calling Component#getString() inside your Component's constructor. Offending component: [LoginForm [Component id = loginForm]]
5261 [main] INFO org.apache.wicket.resource.PropertiesFactory - Loading properties files from file:/C:/Users/ilkka/workspace/workspace-tasklist/tasklist/parent/web/target/classes/com/iluwatar/tasklist/web/TasklistApplication.properties.xml with loader org.apache.wicket.resource.XmlFilePropertiesLoader@54f4a7f0
5261 [main] WARN org.apache.wicket.Localizer - Tried to retrieve a localized string for a component that has not yet been added to the page. This can sometimes lead to an invalid or no localized resource returned. Make sure you are not calling Component#getString() inside your Component's constructor. Offending component: [LoginForm [Component id = loginForm]]
5261 [main] WARN org.apache.wicket.Localizer - Tried to retrieve a localized string for a component that has not yet been added to the page. This can sometimes lead to an invalid or no localized resource returned. Make sure you are not calling Component#getString() inside your Component's constructor. Offending component: [LoginForm [Component id = loginForm]]
5261 [main] WARN org.apache.wicket.Localizer - Tried to retrieve a localized string for a component that has not yet been added to the page. This can sometimes lead to an invalid or no localized resource returned. Make sure you are not calling Component#getString() inside your Component's constructor. Offending component: [LoginForm [Component id = loginForm]]
5339 [main] INFO org.apache.wicket.resource.PropertiesFactory - Loading properties files from jar:file:/C:/Users/ilkka/.m2/repository/org/apache/wicket/wicket-core/6.12.0/wicket-core-6.12.0.jar!/org/apache/wicket/Application.properties with loader org.apache.wicket.resource.IsoPropertiesFilePropertiesLoader@3e15bb06
5558 [main] INFO org.apache.wicket.Application - [WicketTesterApplication-cdfb1580-72f8-494b-be03-eff583d50085] init: Wicket core library initializer
5558 [main] INFO org.apache.wicket.Application - [WicketTesterApplication-cdfb1580-72f8-494b-be03-eff583d50085] init: DevUtils DebugBar Initializer
5558 [main] INFO org.apache.wicket.Application - [WicketTesterApplication-cdfb1580-72f8-494b-be03-eff583d50085] init: Wicket extensions initializer
5558 [main] INFO org.apache.wicket.Application - [WicketTesterApplication-cdfb1580-72f8-494b-be03-eff583d50085] init: org.wicketstuff.event.annotation.Initializer@1ac4ccad
5558 [main] INFO com.iluwatar.tasklist.web.TasklistApplication - application init
5558 [main] INFO com.iluwatar.tasklist.web.TasklistApplication - available theme: bootstrap
5558 [main] INFO com.iluwatar.tasklist.web.TasklistApplication - available theme: bootstrap-responsive
5558 [main] INFO com.iluwatar.tasklist.web.TasklistApplication - available theme: amelia
5558 [main] INFO com.iluwatar.tasklist.web.TasklistApplication - available theme: cerulean
5558 [main] INFO com.iluwatar.tasklist.web.TasklistApplication - available theme: cyborg
5558 [main] INFO com.iluwatar.tasklist.web.TasklistApplication - available theme: journal
5558 [main] INFO com.iluwatar.tasklist.web.TasklistApplication - available theme: readable
5558 [main] INFO com.iluwatar.tasklist.web.TasklistApplication - available theme: simplex
5558 [main] INFO com.iluwatar.tasklist.web.TasklistApplication - available theme: slate
5558 [main] INFO com.iluwatar.tasklist.web.TasklistApplication - available theme: spacelab
5558 [main] INFO com.iluwatar.tasklist.web.TasklistApplication - available theme: spruce
5558 [main] INFO com.iluwatar.tasklist.web.TasklistApplication - available theme: superhero
5558 [main] INFO com.iluwatar.tasklist.web.TasklistApplication - available theme: united
5558 [main] INFO com.iluwatar.tasklist.web.TasklistApplication - available theme: cosmo
5558 [main] INFO com.iluwatar.tasklist.web.TasklistApplication - available theme: metro
5558 [main] INFO com.iluwatar.tasklist.web.TasklistApplication - application init complete
5636 [main] INFO org.apache.wicket.resource.PropertiesFactory - Loading properties files from file:/C:/Users/ilkka/workspace/workspace-tasklist/tasklist/parent/web/target/classes/com/iluwatar/tasklist/web/TasklistApplication.properties.xml with loader org.apache.wicket.resource.XmlFilePropertiesLoader@14982a82
5729 [main] INFO org.apache.wicket.resource.PropertiesFactory - Loading properties files from jar:file:/C:/Users/ilkka/.m2/repository/org/apache/wicket/wicket-core/6.12.0/wicket-core-6.12.0.jar!/org/apache/wicket/Application.properties with loader org.apache.wicket.resource.IsoPropertiesFilePropertiesLoader@10a0fe30
Tests run: 2, Failures: 0, Errors: 0, Skipped: 0, Time elapsed: 0.921 sec
Running com.iluwatar.tasklist.TestRegisterPage
6073 [main] INFO org.apache.wicket.Application - [WicketTesterApplication-ccad84ca-b620-48f6-bb84-5e9f266104ea] init: Wicket core library initializer
6073 [main] INFO org.apache.wicket.Application - [WicketTesterApplication-ccad84ca-b620-48f6-bb84-5e9f266104ea] init: DevUtils DebugBar Initializer
6073 [main] INFO org.apache.wicket.Application - [WicketTesterApplication-ccad84ca-b620-48f6-bb84-5e9f266104ea] init: Wicket extensions initializer
6073 [main] INFO org.apache.wicket.Application - [WicketTesterApplication-ccad84ca-b620-48f6-bb84-5e9f266104ea] init: org.wicketstuff.event.annotation.Initializer@432f521f
6073 [main] INFO com.iluwatar.tasklist.web.TasklistApplication - application init
6073 [main] INFO com.iluwatar.tasklist.web.TasklistApplication - available theme: bootstrap
6073 [main] INFO com.iluwatar.tasklist.web.TasklistApplication - available theme: bootstrap-responsive
6073 [main] INFO com.iluwatar.tasklist.web.TasklistApplication - available theme: amelia
6073 [main] INFO com.iluwatar.tasklist.web.TasklistApplication - available theme: cerulean
6073 [main] INFO com.iluwatar.tasklist.web.TasklistApplication - available theme: cyborg
6073 [main] INFO com.iluwatar.tasklist.web.TasklistApplication - available theme: journal
6073 [main] INFO com.iluwatar.tasklist.web.TasklistApplication - available theme: readable
6073 [main] INFO com.iluwatar.tasklist.web.TasklistApplication - available theme: simplex
6073 [main] INFO com.iluwatar.tasklist.web.TasklistApplication - available theme: slate
6073 [main] INFO com.iluwatar.tasklist.web.TasklistApplication - available theme: spacelab
6073 [main] INFO com.iluwatar.tasklist.web.TasklistApplication - available theme: spruce
6073 [main] INFO com.iluwatar.tasklist.web.TasklistApplication - available theme: superhero
6073 [main] INFO com.iluwatar.tasklist.web.TasklistApplication - available theme: united
6073 [main] INFO com.iluwatar.tasklist.web.TasklistApplication - available theme: cosmo
6073 [main] INFO com.iluwatar.tasklist.web.TasklistApplication - available theme: metro
6073 [main] INFO com.iluwatar.tasklist.web.TasklistApplication - application init complete
6166 [main] INFO org.apache.wicket.resource.PropertiesFactory - Loading properties files from file:/C:/Users/ilkka/workspace/workspace-tasklist/tasklist/parent/web/target/classes/com/iluwatar/tasklist/web/TasklistApplication.properties.xml with loader org.apache.wicket.resource.XmlFilePropertiesLoader@7bab5898
6244 [main] INFO org.apache.wicket.resource.PropertiesFactory - Loading properties files from jar:file:/C:/Users/ilkka/.m2/repository/org/apache/wicket/wicket-core/6.12.0/wicket-core-6.12.0.jar!/org/apache/wicket/Application.properties with loader org.apache.wicket.resource.IsoPropertiesFilePropertiesLoader@2e1ddc90
Tests run: 1, Failures: 0, Errors: 0, Skipped: 0, Time elapsed: 0.436 sec
Running com.iluwatar.tasklist.TestReorderTasklistPage
6525 [main] INFO org.apache.wicket.Application - [WicketTesterApplication-7d4f1aac-04e0-4fe6-bb14-7a90c1ef3b65] init: Wicket core library initializer
6525 [main] INFO org.apache.wicket.Application - [WicketTesterApplication-7d4f1aac-04e0-4fe6-bb14-7a90c1ef3b65] init: DevUtils DebugBar Initializer
6525 [main] INFO org.apache.wicket.Application - [WicketTesterApplication-7d4f1aac-04e0-4fe6-bb14-7a90c1ef3b65] init: Wicket extensions initializer
6525 [main] INFO org.apache.wicket.Application - [WicketTesterApplication-7d4f1aac-04e0-4fe6-bb14-7a90c1ef3b65] init: org.wicketstuff.event.annotation.Initializer@4a901445
6525 [main] INFO com.iluwatar.tasklist.web.TasklistApplication - application init
6525 [main] INFO com.iluwatar.tasklist.web.TasklistApplication - available theme: bootstrap
6525 [main] INFO com.iluwatar.tasklist.web.TasklistApplication - available theme: bootstrap-responsive
6525 [main] INFO com.iluwatar.tasklist.web.TasklistApplication - available theme: amelia
6525 [main] INFO com.iluwatar.tasklist.web.TasklistApplication - available theme: cerulean
6525 [main] INFO com.iluwatar.tasklist.web.TasklistApplication - available theme: cyborg
6525 [main] INFO com.iluwatar.tasklist.web.TasklistApplication - available theme: journal
6525 [main] INFO com.iluwatar.tasklist.web.TasklistApplication - available theme: readable
6525 [main] INFO com.iluwatar.tasklist.web.TasklistApplication - available theme: simplex
6525 [main] INFO com.iluwatar.tasklist.web.TasklistApplication - available theme: slate
6525 [main] INFO com.iluwatar.tasklist.web.TasklistApplication - available theme: spacelab
6525 [main] INFO com.iluwatar.tasklist.web.TasklistApplication - available theme: spruce
6525 [main] INFO com.iluwatar.tasklist.web.TasklistApplication - available theme: superhero
6525 [main] INFO com.iluwatar.tasklist.web.TasklistApplication - available theme: united
6525 [main] INFO com.iluwatar.tasklist.web.TasklistApplication - available theme: cosmo
6525 [main] INFO com.iluwatar.tasklist.web.TasklistApplication - available theme: metro
6525 [main] INFO com.iluwatar.tasklist.web.TasklistApplication - application init complete
6619 [main] INFO org.apache.wicket.resource.PropertiesFactory - Loading properties files from file:/C:/Users/ilkka/workspace/workspace-tasklist/tasklist/parent/web/target/classes/com/iluwatar/tasklist/web/TasklistApplication.properties.xml with loader org.apache.wicket.resource.XmlFilePropertiesLoader@67f77f6e
6681 [main] INFO org.apache.wicket.resource.PropertiesFactory - Loading properties files from jar:file:/C:/Users/ilkka/.m2/repository/org/apache/wicket/wicket-core/6.12.0/wicket-core-6.12.0.jar!/org/apache/wicket/Application.properties with loader org.apache.wicket.resource.IsoPropertiesFilePropertiesLoader@3e7b65d7
6884 [main] INFO org.apache.wicket.Application - [WicketTesterApplication-7e0efa41-a77e-489c-9476-a0575b47c690] init: Wicket core library initializer
6884 [main] INFO org.apache.wicket.Application - [WicketTesterApplication-7e0efa41-a77e-489c-9476-a0575b47c690] init: DevUtils DebugBar Initializer
6884 [main] INFO org.apache.wicket.Application - [WicketTesterApplication-7e0efa41-a77e-489c-9476-a0575b47c690] init: Wicket extensions initializer
6884 [main] INFO org.apache.wicket.Application - [WicketTesterApplication-7e0efa41-a77e-489c-9476-a0575b47c690] init: org.wicketstuff.event.annotation.Initializer@3625a016
6884 [main] INFO com.iluwatar.tasklist.web.TasklistApplication - application init
6884 [main] INFO com.iluwatar.tasklist.web.TasklistApplication - available theme: bootstrap
6884 [main] INFO com.iluwatar.tasklist.web.TasklistApplication - available theme: bootstrap-responsive
6884 [main] INFO com.iluwatar.tasklist.web.TasklistApplication - available theme: amelia
6884 [main] INFO com.iluwatar.tasklist.web.TasklistApplication - available theme: cerulean
6884 [main] INFO com.iluwatar.tasklist.web.TasklistApplication - available theme: cyborg
6884 [main] INFO com.iluwatar.tasklist.web.TasklistApplication - available theme: journal
6884 [main] INFO com.iluwatar.tasklist.web.TasklistApplication - available theme: readable
6884 [main] INFO com.iluwatar.tasklist.web.TasklistApplication - available theme: simplex
6884 [main] INFO com.iluwatar.tasklist.web.TasklistApplication - available theme: slate
6884 [main] INFO com.iluwatar.tasklist.web.TasklistApplication - available theme: spacelab
6884 [main] INFO com.iluwatar.tasklist.web.TasklistApplication - available theme: spruce
6884 [main] INFO com.iluwatar.tasklist.web.TasklistApplication - available theme: superhero
6884 [main] INFO com.iluwatar.tasklist.web.TasklistApplication - available theme: united
6884 [main] INFO com.iluwatar.tasklist.web.TasklistApplication - available theme: cosmo
6884 [main] INFO com.iluwatar.tasklist.web.TasklistApplication - available theme: metro
6884 [main] INFO com.iluwatar.tasklist.web.TasklistApplication - application init complete
6899 [main] WARN org.apache.wicket.Localizer - Tried to retrieve a localized string for a component that has not yet been added to the page. This can sometimes lead to an invalid or no localized resource returned. Make sure you are not calling Component#getString() inside your Component's constructor. Offending component: [LoginForm [Component id = loginForm]]
6993 [main] INFO org.apache.wicket.resource.PropertiesFactory - Loading properties files from file:/C:/Users/ilkka/workspace/workspace-tasklist/tasklist/parent/web/target/classes/com/iluwatar/tasklist/web/TasklistApplication.properties.xml with loader org.apache.wicket.resource.XmlFilePropertiesLoader@609e57da
6993 [main] WARN org.apache.wicket.Localizer - Tried to retrieve a localized string for a component that has not yet been added to the page. This can sometimes lead to an invalid or no localized resource returned. Make sure you are not calling Component#getString() inside your Component's constructor. Offending component: [LoginForm [Component id = loginForm]]
6993 [main] WARN org.apache.wicket.Localizer - Tried to retrieve a localized string for a component that has not yet been added to the page. This can sometimes lead to an invalid or no localized resource returned. Make sure you are not calling Component#getString() inside your Component's constructor. Offending component: [LoginForm [Component id = loginForm]]
6993 [main] WARN org.apache.wicket.Localizer - Tried to retrieve a localized string for a component that has not yet been added to the page. This can sometimes lead to an invalid or no localized resource returned. Make sure you are not calling Component#getString() inside your Component's constructor. Offending component: [LoginForm [Component id = loginForm]]
7071 [main] INFO org.apache.wicket.resource.PropertiesFactory - Loading properties files from jar:file:/C:/Users/ilkka/.m2/repository/org/apache/wicket/wicket-core/6.12.0/wicket-core-6.12.0.jar!/org/apache/wicket/Application.properties with loader org.apache.wicket.resource.IsoPropertiesFilePropertiesLoader@65fe2691
Tests run: 2, Failures: 0, Errors: 0, Skipped: 0, Time elapsed: 0.764 sec
Running com.iluwatar.tasklist.TestViewTasklistPage
7289 [main] INFO org.apache.wicket.Application - [WicketTesterApplication-b8be8dd4-ea3e-4811-b1d5-645e0fcea4ef] init: Wicket core library initializer
7289 [main] INFO org.apache.wicket.Application - [WicketTesterApplication-b8be8dd4-ea3e-4811-b1d5-645e0fcea4ef] init: DevUtils DebugBar Initializer
7289 [main] INFO org.apache.wicket.Application - [WicketTesterApplication-b8be8dd4-ea3e-4811-b1d5-645e0fcea4ef] init: Wicket extensions initializer
7289 [main] INFO org.apache.wicket.Application - [WicketTesterApplication-b8be8dd4-ea3e-4811-b1d5-645e0fcea4ef] init: org.wicketstuff.event.annotation.Initializer@62f11ebb
7289 [main] INFO com.iluwatar.tasklist.web.TasklistApplication - application init
7289 [main] INFO com.iluwatar.tasklist.web.TasklistApplication - available theme: bootstrap
7289 [main] INFO com.iluwatar.tasklist.web.TasklistApplication - available theme: bootstrap-responsive
7289 [main] INFO com.iluwatar.tasklist.web.TasklistApplication - available theme: amelia
7289 [main] INFO com.iluwatar.tasklist.web.TasklistApplication - available theme: cerulean
7289 [main] INFO com.iluwatar.tasklist.web.TasklistApplication - available theme: cyborg
7289 [main] INFO com.iluwatar.tasklist.web.TasklistApplication - available theme: journal
7289 [main] INFO com.iluwatar.tasklist.web.TasklistApplication - available theme: readable
7289 [main] INFO com.iluwatar.tasklist.web.TasklistApplication - available theme: simplex
7289 [main] INFO com.iluwatar.tasklist.web.TasklistApplication - available theme: slate
7289 [main] INFO com.iluwatar.tasklist.web.TasklistApplication - available theme: spacelab
7289 [main] INFO com.iluwatar.tasklist.web.TasklistApplication - available theme: spruce
7289 [main] INFO com.iluwatar.tasklist.web.TasklistApplication - available theme: superhero
7289 [main] INFO com.iluwatar.tasklist.web.TasklistApplication - available theme: united
7289 [main] INFO com.iluwatar.tasklist.web.TasklistApplication - available theme: cosmo
7289 [main] INFO com.iluwatar.tasklist.web.TasklistApplication - available theme: metro
7289 [main] INFO com.iluwatar.tasklist.web.TasklistApplication - application init complete
7383 [main] INFO org.apache.wicket.resource.PropertiesFactory - Loading properties files from file:/C:/Users/ilkka/workspace/workspace-tasklist/tasklist/parent/web/target/classes/com/iluwatar/tasklist/web/TasklistApplication.properties.xml with loader org.apache.wicket.resource.XmlFilePropertiesLoader@a6c54c3
7461 [main] INFO org.apache.wicket.resource.PropertiesFactory - Loading properties files from jar:file:/C:/Users/ilkka/.m2/repository/org/apache/wicket/wicket-core/6.12.0/wicket-core-6.12.0.jar!/org/apache/wicket/Application.properties with loader org.apache.wicket.resource.IsoPropertiesFilePropertiesLoader@2ceca2ef
7664 [main] INFO org.apache.wicket.Application - [WicketTesterApplication-0487eb2f-a026-43c0-ba64-1aa1647ecdde] init: Wicket core library initializer
7664 [main] INFO org.apache.wicket.Application - [WicketTesterApplication-0487eb2f-a026-43c0-ba64-1aa1647ecdde] init: DevUtils DebugBar Initializer
7664 [main] INFO org.apache.wicket.Application - [WicketTesterApplication-0487eb2f-a026-43c0-ba64-1aa1647ecdde] init: Wicket extensions initializer
7664 [main] INFO org.apache.wicket.Application - [WicketTesterApplication-0487eb2f-a026-43c0-ba64-1aa1647ecdde] init: org.wicketstuff.event.annotation.Initializer@721d8ab5
7664 [main] INFO com.iluwatar.tasklist.web.TasklistApplication - application init
7664 [main] INFO com.iluwatar.tasklist.web.TasklistApplication - available theme: bootstrap
7664 [main] INFO com.iluwatar.tasklist.web.TasklistApplication - available theme: bootstrap-responsive
7664 [main] INFO com.iluwatar.tasklist.web.TasklistApplication - available theme: amelia
7664 [main] INFO com.iluwatar.tasklist.web.TasklistApplication - available theme: cerulean
7664 [main] INFO com.iluwatar.tasklist.web.TasklistApplication - available theme: cyborg
7664 [main] INFO com.iluwatar.tasklist.web.TasklistApplication - available theme: journal
7664 [main] INFO com.iluwatar.tasklist.web.TasklistApplication - available theme: readable
7664 [main] INFO com.iluwatar.tasklist.web.TasklistApplication - available theme: simplex
7664 [main] INFO com.iluwatar.tasklist.web.TasklistApplication - available theme: slate
7664 [main] INFO com.iluwatar.tasklist.web.TasklistApplication - available theme: spacelab
7664 [main] INFO com.iluwatar.tasklist.web.TasklistApplication - available theme: spruce
7664 [main] INFO com.iluwatar.tasklist.web.TasklistApplication - available theme: superhero
7664 [main] INFO com.iluwatar.tasklist.web.TasklistApplication - available theme: united
7664 [main] INFO com.iluwatar.tasklist.web.TasklistApplication - available theme: cosmo
7664 [main] INFO com.iluwatar.tasklist.web.TasklistApplication - available theme: metro
7664 [main] INFO com.iluwatar.tasklist.web.TasklistApplication - application init complete
7664 [main] WARN org.apache.wicket.Localizer - Tried to retrieve a localized string for a component that has not yet been added to the page. This can sometimes lead to an invalid or no localized resource returned. Make sure you are not calling Component#getString() inside your Component's constructor. Offending component: [LoginForm [Component id = loginForm]]
7773 [main] INFO org.apache.wicket.resource.PropertiesFactory - Loading properties files from file:/C:/Users/ilkka/workspace/workspace-tasklist/tasklist/parent/web/target/classes/com/iluwatar/tasklist/web/TasklistApplication.properties.xml with loader org.apache.wicket.resource.XmlFilePropertiesLoader@1946384
7773 [main] WARN org.apache.wicket.Localizer - Tried to retrieve a localized string for a component that has not yet been added to the page. This can sometimes lead to an invalid or no localized resource returned. Make sure you are not calling Component#getString() inside your Component's constructor. Offending component: [LoginForm [Component id = loginForm]]
7773 [main] WARN org.apache.wicket.Localizer - Tried to retrieve a localized string for a component that has not yet been added to the page. This can sometimes lead to an invalid or no localized resource returned. Make sure you are not calling Component#getString() inside your Component's constructor. Offending component: [LoginForm [Component id = loginForm]]
7773 [main] WARN org.apache.wicket.Localizer - Tried to retrieve a localized string for a component that has not yet been added to the page. This can sometimes lead to an invalid or no localized resource returned. Make sure you are not calling Component#getString() inside your Component's constructor. Offending component: [LoginForm [Component id = loginForm]]
7851 [main] INFO org.apache.wicket.resource.PropertiesFactory - Loading properties files from jar:file:/C:/Users/ilkka/.m2/repository/org/apache/wicket/wicket-core/6.12.0/wicket-core-6.12.0.jar!/org/apache/wicket/Application.properties with loader org.apache.wicket.resource.IsoPropertiesFilePropertiesLoader@9687f55
Tests run: 2, Failures: 0, Errors: 0, Skipped: 0, Time elapsed: 0.78 sec

Results :

Tests run: 16, Failures: 0, Errors: 0, Skipped: 0

[INFO] 
[INFO] --- maven-war-plugin:2.1.1:war (default-war) @ web ---
[INFO] Packaging webapp
[INFO] Assembling webapp [web] in [C:\Users\ilkka\workspace\workspace-tasklist\tasklist\parent\web\target\freetasklist]
[INFO] Processing war project
[INFO] Copying webapp resources [C:\Users\ilkka\workspace\workspace-tasklist\tasklist\parent\web\src\main\webapp]
[INFO] Webapp assembled in [452 msecs]
[INFO] Building war: C:\Users\ilkka\workspace\workspace-tasklist\tasklist\parent\web\target\freetasklist.war
[WARNING] Warning: selected war files include a WEB-INF/web.xml which will be ignored 
(webxml attribute is missing from war task, or ignoreWebxml attribute is specified as 'true')
[INFO] 
[INFO] --- jetty-maven-plugin:7.6.13.v20130916:stop (start-jetty) @ web ---
[INFO] Jetty not running!
[INFO] 
[INFO] >>> jetty-maven-plugin:7.6.13.v20130916:run-exploded (start-jetty) @ web >>>
[INFO] 
[INFO] --- maven-resources-plugin:2.5:resources (default-resources) @ web ---
[debug] execute contextualize
[INFO] Using 'UTF-8' encoding to copy filtered resources.
[INFO] Copying 1 resource
[INFO] Copying 13 resources
[INFO] 
[INFO] --- maven-compiler-plugin:2.5.1:compile (default-compile) @ web ---
[INFO] Nothing to compile - all classes are up to date
[INFO] 
[INFO] --- maven-resources-plugin:2.5:testResources (default-testResources) @ web ---
[debug] execute contextualize
[INFO] Using 'UTF-8' encoding to copy filtered resources.
[INFO] Copying 1 resource
[INFO] Copying 0 resource
[INFO] 
[INFO] --- maven-compiler-plugin:2.5.1:testCompile (default-testCompile) @ web ---
[INFO] Nothing to compile - all classes are up to date
[INFO] 
[INFO] --- maven-surefire-plugin:2.10:test (default-test) @ web ---
[INFO] Skipping execution of surefire because it has already been run for this configuration
[INFO] 
[INFO] --- maven-war-plugin:2.1.1:war (default-war) @ web ---
[INFO] Packaging webapp
[INFO] Assembling webapp [web] in [C:\Users\ilkka\workspace\workspace-tasklist\tasklist\parent\web\target\freetasklist]
[INFO] Processing war project
[INFO] Copying webapp resources [C:\Users\ilkka\workspace\workspace-tasklist\tasklist\parent\web\src\main\webapp]
[INFO] Webapp assembled in [328 msecs]
[INFO] Building war: C:\Users\ilkka\workspace\workspace-tasklist\tasklist\parent\web\target\freetasklist.war
[WARNING] Warning: selected war files include a WEB-INF/web.xml which will be ignored 
(webxml attribute is missing from war task, or ignoreWebxml attribute is specified as 'true')
[INFO] 
[INFO] <<< jetty-maven-plugin:7.6.13.v20130916:run-exploded (start-jetty) @ web <<<
[INFO] 
[INFO] --- jetty-maven-plugin:7.6.13.v20130916:run-exploded (start-jetty) @ web ---
[INFO] Configuring Jetty for project: web
[INFO] Context path = /
[INFO] Tmp directory = C:\Users\ilkka\workspace\workspace-tasklist\tasklist\parent\web\target\tmp
[INFO] Web defaults = org/eclipse/jetty/webapp/webdefault.xml
[INFO] Web overrides =  none
INFO  - ContextLoader              - Root WebApplicationContext: initialization started
INFO  - XmlWebApplicationContext   - Refreshing Root WebApplicationContext: startup date [Thu Feb 26 21:42:05 EET 2015]; root of context hierarchy
INFO  - XmlBeanDefinitionReader    - Loading XML bean definitions from class path resource [app-context.xml]
INFO  - urcesPlaceholderConfigurer - Loading properties file from class path resource [spring_db.properties]
INFO  - nnotationBeanPostProcessor - JSR-330 'javax.inject.Inject' annotation found and supported for autowiring
INFO  - erEntityManagerFactoryBean - Building JPA container EntityManagerFactory for persistence unit 'default'
WARN  - HibernatePersistence       - HHH015016: Encountered a deprecated javax.persistence.spi.PersistenceProvider [org.hibernate.ejb.HibernatePersistence]; use [org.hibernate.jpa.HibernatePersistenceProvider] instead.
INFO  - LogHelper                  - HHH000204: Processing PersistenceUnitInfo [
	name: default
	...]
INFO  - Version                    - HHH000412: Hibernate Core {4.3.0.CR1}
INFO  - Environment                - HHH000206: hibernate.properties not found
INFO  - Environment                - HHH000021: Bytecode provider name : javassist
INFO  - Version                    - HCANN000001: Hibernate Commons Annotations {4.0.4.Final}
INFO  - Dialect                    - HHH000400: Using dialect: org.hibernate.dialect.MySQLDialect
INFO  - LobCreatorBuilder          - HHH000424: Disabling contextual LOB creation as createClob() method threw error : java.lang.reflect.InvocationTargetException
INFO  - ASTQueryTranslatorFactory  - HHH000397: Using ASTQueryTranslatorFactory
INFO  - DefaultListableBeanFactory - Pre-instantiating singletons in org.springframework.beans.factory.support.DefaultListableBeanFactory@13a268cd: defining beans [org.springframework.context.support.PropertySourcesPlaceholderConfigurer#0,dataSource,transactionManager,org.springframework.aop.config.internalAutoProxyCreator,org.springframework.transaction.annotation.AnnotationTransactionAttributeSource#0,org.springframework.transaction.interceptor.TransactionInterceptor#0,org.springframework.transaction.config.internalTransactionAdvisor,entityManagerFactory,userTasklistDao,userDao,taskService,userService,org.springframework.context.annotation.internalConfigurationAnnotationProcessor,org.springframework.context.annotation.internalAutowiredAnnotationProcessor,org.springframework.context.annotation.internalRequiredAnnotationProcessor,org.springframework.context.annotation.internalCommonAnnotationProcessor,org.springframework.context.annotation.internalPersistenceAnnotationProcessor,initializer,org.springframework.jdbc.datasource.init.DataSourceInitializer#0,org.springframework.context.annotation.ConfigurationClassPostProcessor.importAwareProcessor]; root of factory hierarchy
INFO  - ResourceDatabasePopulator  - Executing SQL script from class path resource [createtables.sql]
INFO  - ResourceDatabasePopulator  - Done executing SQL script from class path resource [createtables.sql] in 249 ms.
INFO  - ResourceDatabasePopulator  - Executing SQL script from class path resource [insertuser.sql]
INFO  - ResourceDatabasePopulator  - Done executing SQL script from class path resource [insertuser.sql] in 0 ms.
INFO  - ResourceDatabasePopulator  - Executing SQL script from class path resource [inserttasklist.sql]
INFO  - ResourceDatabasePopulator  - Done executing SQL script from class path resource [inserttasklist.sql] in 16 ms.
INFO  - ResourceDatabasePopulator  - Executing SQL script from class path resource [insertmultipletasks.sql]
INFO  - ResourceDatabasePopulator  - Done executing SQL script from class path resource [insertmultipletasks.sql] in 0 ms.
INFO  - ContextLoader              - Root WebApplicationContext: initialization completed in 1841 ms
INFO  - WebXmlFile                 - web.xml: url mapping found for filter with name wicket.web: [/*]
INFO  - Application                - [wicket.web] init: Wicket core library initializer
INFO  - RequestListenerInterface   - registered listener interface [RequestListenerInterface name=IBehaviorListener, method=public abstract void org.apache.wicket.behavior.IBehaviorListener.onRequest()]
INFO  - RequestListenerInterface   - registered listener interface [RequestListenerInterface name=IFormSubmitListener, method=public abstract void org.apache.wicket.markup.html.form.IFormSubmitListener.onFormSubmitted()]
INFO  - RequestListenerInterface   - registered listener interface [RequestListenerInterface name=ILinkListener, method=public abstract void org.apache.wicket.markup.html.link.ILinkListener.onLinkClicked()]
INFO  - RequestListenerInterface   - registered listener interface [RequestListenerInterface name=IOnChangeListener, method=public abstract void org.apache.wicket.markup.html.form.IOnChangeListener.onSelectionChanged()]
INFO  - RequestListenerInterface   - registered listener interface [RequestListenerInterface name=IRedirectListener, method=public abstract void org.apache.wicket.IRedirectListener.onRedirect()]
INFO  - RequestListenerInterface   - registered listener interface [RequestListenerInterface name=IResourceListener, method=public abstract void org.apache.wicket.IResourceListener.onResourceRequested()]
INFO  - Application                - [wicket.web] init: DevUtils DebugBar Initializer
INFO  - Application                - [wicket.web] init: Wicket extensions initializer
INFO  - Application                - [wicket.web] init: org.wicketstuff.event.annotation.Initializer@70eb94d7
INFO  - TasklistApplication        - application init
INFO  - Reflections                - Reflections took 0 ms to scan 4 urls, producing 114 keys and 146 values 
INFO  - Reflections                - Reflections took 0 ms to scan 4 urls, producing 114 keys and 146 values 
INFO  - Reflections                - Reflections took 0 ms to scan 4 urls, producing 114 keys and 146 values 
INFO  - TasklistApplication        - available theme: bootstrap
INFO  - TasklistApplication        - available theme: bootstrap-responsive
INFO  - TasklistApplication        - available theme: amelia
INFO  - TasklistApplication        - available theme: cerulean
INFO  - TasklistApplication        - available theme: cyborg
INFO  - TasklistApplication        - available theme: journal
INFO  - TasklistApplication        - available theme: readable
INFO  - TasklistApplication        - available theme: simplex
INFO  - TasklistApplication        - available theme: slate
INFO  - TasklistApplication        - available theme: spacelab
INFO  - TasklistApplication        - available theme: spruce
INFO  - TasklistApplication        - available theme: superhero
INFO  - TasklistApplication        - available theme: united
INFO  - TasklistApplication        - available theme: cosmo
INFO  - TasklistApplication        - available theme: metro
INFO  - TasklistApplication        - application init complete
INFO  - WebApplication             - [wicket.web] Started Wicket version 6.12.0 in DEVELOPMENT mode
[INFO] Started Jetty Server
[INFO] 
[INFO] --- selenium-maven-plugin:1.1:start-server (start-selenium) @ web ---
Created dir: C:\Users\ilkka\workspace\workspace-tasklist\tasklist\parent\web\target\selenium
Launching Selenium Server
Waiting for Selenium Server...
[INFO] User extensions: C:\Users\ilkka\workspace\workspace-tasklist\tasklist\parent\web\target\selenium\user-extensions.js
21:42:08,984 INFO  [org.openqa.selenium.server.SeleniumServer] Java: Oracle Corporation 25.25-b02
21:42:08,984 INFO  [org.openqa.selenium.server.SeleniumServer] OS: Windows 7 6.1 amd64
21:42:08,984 INFO  [org.openqa.selenium.server.SeleniumServer] v2.0 [a2], with Core v2.0 [a2]
21:42:09,233 INFO  [org.openqa.selenium.server.SeleniumServer] RemoteWebDriver instances should connect to: http://127.0.0.1:4444/wd/hub
21:42:09,233 INFO  [org.openqa.jetty.http.HttpServer] Version Jetty/5.1.x
21:42:09,233 INFO  [org.openqa.jetty.util.Container] Started HttpContext[/selenium-server,/selenium-server]
21:42:09,452 INFO  [org.openqa.jetty.util.Container] Started org.openqa.jetty.jetty.servlet.ServletHandler@3339ad8e
21:42:09,452 INFO  [org.openqa.jetty.util.Container] Started HttpContext[/wd,/wd]
21:42:09,452 INFO  [org.openqa.jetty.util.Container] Started HttpContext[/selenium-server/driver,/selenium-server/driver]
21:42:09,452 INFO  [org.openqa.jetty.util.Container] Started HttpContext[/,/]
21:42:09,452 INFO  [org.openqa.jetty.http.SocketListener] Started SocketListener on 0.0.0.0:4444
21:42:09,452 INFO  [org.openqa.jetty.util.Container] Started org.openqa.jetty.jetty.Server@5387f9e0
21:42:09,811 INFO  [org.openqa.jetty.util.Credential] Checking Resource aliases
Selenium Server started
[INFO] 
[INFO] --- maven-failsafe-plugin:2.16:integration-test (integration-test) @ web ---
[INFO] Failsafe report directory: C:\Users\ilkka\workspace\workspace-tasklist\tasklist\parent\web\target\failsafe-reports

-------------------------------------------------------
 T E S T S
-------------------------------------------------------
Running com.iluwatar.tasklist.HomePageIT
WARN  - Localizer                  - Tried to retrieve a localized string for a component that has not yet been added to the page. This can sometimes lead to an invalid or no localized resource returned. Make sure you are not calling Component#getString() inside your Component's constructor. Offending component: [LoginForm [Component id = loginForm]]
INFO  - PropertiesFactory          - Loading properties files from file:/C:/Users/ilkka/workspace/workspace-tasklist/tasklist/parent/web/target/freetasklist/WEB-INF/classes/com/iluwatar/tasklist/web/TasklistApplication.properties.xml with loader org.apache.wicket.resource.XmlFilePropertiesLoader@7ff195e0
WARN  - Localizer                  - Tried to retrieve a localized string for a component that has not yet been added to the page. This can sometimes lead to an invalid or no localized resource returned. Make sure you are not calling Component#getString() inside your Component's constructor. Offending component: [LoginForm [Component id = loginForm]]
INFO  - PropertiesFactory          - Loading properties files from jar:file:/C:/Users/ilkka/workspace/workspace-tasklist/tasklist/parent/web/target/freetasklist/WEB-INF/lib/wicket-core-6.12.0.jar!/org/apache/wicket/Application_fi.properties with loader org.apache.wicket.resource.IsoPropertiesFilePropertiesLoader@3aa919fe
INFO  - PropertiesFactory          - Loading properties files from jar:file:/C:/Users/ilkka/workspace/workspace-tasklist/tasklist/parent/web/target/freetasklist/WEB-INF/lib/wicket-core-6.12.0.jar!/org/apache/wicket/Application.properties with loader org.apache.wicket.resource.IsoPropertiesFilePropertiesLoader@3aa919fe
INFO  - Reflections                - Reflections took 15 ms to scan 4 urls, producing 114 keys and 146 values 
INFO  - Reflections                - Reflections took 0 ms to scan 4 urls, producing 114 keys and 146 values 
Tests run: 1, Failures: 0, Errors: 0, Skipped: 0, Time elapsed: 6.85 sec - in com.iluwatar.tasklist.HomePageIT

Results :

Tests run: 1, Failures: 0, Errors: 0, Skipped: 0

[WARNING] File encoding has not been set, using platform encoding Cp1252, i.e. build is platform dependent!
[INFO] 
[INFO] --- jetty-maven-plugin:7.6.13.v20130916:stop (stop-jetty) @ web ---
[INFO] 
[INFO] --- selenium-maven-plugin:1.1:stop-server (stop-selenium) @ web ---
Stopping Selenium server...
21:42:16,926 INFO  [org.openqa.jetty.util.Credential] Checking Resource aliases
21:42:16,926 INFO  [org.openqa.selenium.server.SeleniumDriverResourceHandler] Command request: shutDownSeleniumServer[, ] on session null
21:42:16,926 INFO  [org.openqa.selenium.server.SeleniumDriverResourceHandler] Shutdown command received
21:42:16,926 INFO  [org.openqa.selenium.server.SeleniumDriverResourceHandler] initiating shutdown
21:42:16,926 INFO  [org.openqa.selenium.server.SeleniumDriverResourceHandler] Got result: OK on session null
Stop request sent
[INFO] 
[INFO] --- maven-failsafe-plugin:2.16:verify (verify) @ web ---
[INFO] Failsafe report directory: C:\Users\ilkka\workspace\workspace-tasklist\tasklist\parent\web\target\failsafe-reports
[WARNING] File encoding has not been set, using platform encoding Cp1252, i.e. build is platform dependent!
[INFO] 
[INFO] --- maven-install-plugin:2.3.1:install (default-install) @ web ---
[INFO] Installing C:\Users\ilkka\workspace\workspace-tasklist\tasklist\parent\web\target\freetasklist.war to C:\Users\ilkka\.m2\repository\com\iluwatar\tasklist\web\1.0-SNAPSHOT\web-1.0-SNAPSHOT.war
[INFO] Installing C:\Users\ilkka\workspace\workspace-tasklist\tasklist\parent\web\pom.xml to C:\Users\ilkka\.m2\repository\com\iluwatar\tasklist\web\1.0-SNAPSHOT\web-1.0-SNAPSHOT.pom
[INFO] ------------------------------------------------------------------------
[INFO] Reactor Summary:
[INFO] 
[INFO] parent ............................................ SUCCESS [0.234s]
[INFO] services .......................................... SUCCESS [5.258s]
[INFO] web ............................................... SUCCESS [28.303s]
[INFO] ------------------------------------------------------------------------
[INFO] BUILD SUCCESS
[INFO] ------------------------------------------------------------------------
[INFO] Total time: 33.905s
[INFO] Finished at: Thu Feb 26 21:42:17 EET 2015
[INFO] Final Memory: 73M/624M
[INFO] ------------------------------------------------------------------------
